Using pre-set license
Built from '2020.3/staging' branch; Version is '2020.3.39f1 (fd6670bb8be9) revision 16606832'; Using compiler version '192528614'; Build Type 'Release'
OS: 'Windows 10  (10.0.19043) 64bit Professional' Language: 'pl' Physical Memory: 12139 MB
BatchMode: 1, IsHumanControllingUs: 0, StartBugReporterOnCrash: 0, Is64bit: 1, IsPro: 0

COMMAND LINE ARGUMENTS:
C:\Program Files\Unity 2020.3.39f1\Editor\Unity.exe
-adb2
-batchMode
-noUpm
-name
AssetImportWorker0
-projectPath
C:/Users/TT/vr_game1
-logFile
Logs/AssetImportWorker0.log
-srvPort
59988
Successfully changed project path to: C:/Users/TT/vr_game1
C:/Users/TT/vr_game1
Using Asset Import Pipeline V2.
Refreshing native plugins compatible for Editor in 95.52 ms, found 13 plugins.
Preloading 1 native plugins for Editor in 0.98 ms.
Initialize engine version: 2020.3.39f1 (fd6670bb8be9)
[Subsystems] Discovering subsystems at path C:/Program Files/Unity 2020.3.39f1/Editor/Data/Resources/UnitySubsystems
[Subsystems] Discovering subsystems at path C:/Users/TT/vr_game1/Assets
GfxDevice: creating device client; threaded=0
Direct3D:
    Version:  Direct3D 11.0 [level 11.1]
    Renderer: NVIDIA GeForce MX250 (ID=0x1d13)
    Vendor:   
    VRAM:     1983 MB
    Driver:   31.0.15.1694
Initialize mono
Mono path[0] = 'C:/Program Files/Unity 2020.3.39f1/Editor/Data/Managed'
Mono path[1] = 'C:/Program Files/Unity 2020.3.39f1/Editor/Data/MonoBleedingEdge/lib/mono/unityjit'
Mono config path = 'C:/Program Files/Unity 2020.3.39f1/Editor/Data/MonoBleedingEdge/etc'
Using monoOptions --debugger-agent=transport=dt_socket,embedding=1,server=y,suspend=n,address=127.0.0.1:56716
Begin MonoManager ReloadAssembly
Registering precompiled unity dll's ...
Register platform support module: C:/Program Files/Unity 2020.3.39f1/Editor/Data/PlaybackEngines/WindowsStandaloneSupport/UnityEditor.WindowsStandalone.Extensions.dll
Registered in 0.001618 seconds.
Native extension for WindowsStandalone target not found
Refreshing native plugins compatible for Editor in 79.98 ms, found 13 plugins.
Preloading 1 native plugins for Editor in 0.10 ms.
Mono: successfully reloaded assembly
- Completed reload, in  0.664 seconds
Domain Reload Profiling:
	ReloadAssembly (664ms)
		BeginReloadAssembly (66ms)
			ExecutionOrderSort (0ms)
			DisableScriptedObjects (0ms)
			BackupInstance (0ms)
			ReleaseScriptingObjects (0ms)
			CreateAndSetChildDomain (1ms)
		EndReloadAssembly (524ms)
			LoadAssemblies (64ms)
			RebuildTransferFunctionScriptingTraits (0ms)
			SetupTypeCache (169ms)
			ReleaseScriptCaches (0ms)
			RebuildScriptCaches (32ms)
			SetupLoadedEditorAssemblies (218ms)
				LogAssemblyErrors (0ms)
				InitializePlatformSupportModulesInManaged (5ms)
				SetLoadedEditorAssemblies (0ms)
				RefreshPlugins (80ms)
				BeforeProcessingInitializeOnLoad (15ms)
				ProcessInitializeOnLoadAttributes (88ms)
				ProcessInitializeOnLoadMethodAttributes (30ms)
				AfterProcessingInitializeOnLoad (0ms)
				EditorAssembliesLoaded (0ms)
			ExecutionOrderSort2 (0ms)
			AwakeInstancesAfterBackupRestoration (0ms)
Platform modules already initialized, skipping
Registering precompiled user dll's ...
Registered in 0.008817 seconds.
Begin MonoManager ReloadAssembly
Native extension for WindowsStandalone target not found
Refreshing native plugins compatible for Editor in 83.26 ms, found 13 plugins.
Preloading 1 native plugins for Editor in 0.10 ms.
[XR] OculusXRPlugin: registering subsystems
[XR] Unable to register display lifecyle provider: [1]
[XR] Oculus Input lifecycle provider registered.
[XR] Unable to register input lifecyle provider: [1]
System.Reflection.TargetInvocationException: Exception has been thrown by the target of an invocation. ---> System.NullReferenceException: Object reference not set to an instance of an object
  at Unity.XR.Oculus.OculusLoader.AssetPathToAbsolutePath (System.String assetPath) [0x00048] in C:\Users\TT\vr_game1\Library\PackageCache\com.unity.xr.oculus@1.12.1\Runtime\OculusLoader.cs:265 
  at Unity.XR.Oculus.OculusLoader.EditorLoadOVRPlugin () [0x0007b] in C:\Users\TT\vr_game1\Library\PackageCache\com.unity.xr.oculus@1.12.1\Runtime\OculusLoader.cs:250 
  at (wrapper managed-to-native) System.Reflection.MonoMethod.InternalInvoke(System.Reflection.MonoMethod,object,object[],System.Exception&)
  at System.Reflection.MonoMethod.Invoke (System.Object obj, System.Reflection.BindingFlags invokeAttr, System.Reflection.Binder binder, System.Object[] parameters, System.Globalization.CultureInfo culture) [0x00032] in <695d1cc93cca45069c528c15c9fdd749>:0 
   --- End of inner exception stack trace ---
  at System.Reflection.MonoMethod.Invoke (System.Object obj, System.Reflection.BindingFlags invokeAttr, System.Reflection.Binder binder, System.Object[] parameters, System.Globalization.CultureInfo culture) [0x00048] in <695d1cc93cca45069c528c15c9fdd749>:0 
  at System.Reflection.MethodBase.Invoke (System.Object obj, System.Object[] parameters) [0x00000] in <695d1cc93cca45069c528c15c9fdd749>:0 
  at UnityEditor.EditorAssemblies.ProcessInitializeOnLoadMethodAttributes () [0x00047] in <744208b08e5641cc88f88825989c3044>:0 
UnityEngine.StackTraceUtility:ExtractStackTrace ()
UnityEngine.DebugLogHandler:LogFormat (UnityEngine.LogType,UnityEngine.Object,string,object[])
UnityEngine.Logger:Log (UnityEngine.LogType,object)
UnityEngine.Debug:LogError (object)
UnityEditor.EditorAssemblies:ProcessInitializeOnLoadMethodAttributes ()

Mono: successfully reloaded assembly
- Completed reload, in  1.419 seconds
Domain Reload Profiling:
	ReloadAssembly (1420ms)
		BeginReloadAssembly (157ms)
			ExecutionOrderSort (0ms)
			DisableScriptedObjects (5ms)
			BackupInstance (0ms)
			ReleaseScriptingObjects (0ms)
			CreateAndSetChildDomain (19ms)
		EndReloadAssembly (1198ms)
			LoadAssemblies (103ms)
			RebuildTransferFunctionScriptingTraits (0ms)
			SetupTypeCache (388ms)
			ReleaseScriptCaches (1ms)
			RebuildScriptCaches (66ms)
			SetupLoadedEditorAssemblies (509ms)
				LogAssemblyErrors (0ms)
				InitializePlatformSupportModulesInManaged (4ms)
				SetLoadedEditorAssemblies (0ms)
				RefreshPlugins (83ms)
				BeforeProcessingInitializeOnLoad (116ms)
				ProcessInitializeOnLoadAttributes (267ms)
				ProcessInitializeOnLoadMethodAttributes (32ms)
				AfterProcessingInitializeOnLoad (6ms)
				EditorAssembliesLoaded (0ms)
			ExecutionOrderSort2 (0ms)
			AwakeInstancesAfterBackupRestoration (1ms)
Platform modules already initialized, skipping
========================================================================
Worker process is ready to serve import requests
Launched and connected shader compiler UnityShaderCompiler.exe after 0.04 seconds
Refreshing native plugins compatible for Editor in 1.96 ms, found 13 plugins.
Preloading 1 native plugins for Editor in 0.54 ms.
Unloading 3425 Unused Serialized files (Serialized files now loaded: 0)
System memory in use before: 156.8 MB.
System memory in use after: 156.9 MB.

Unloading 51 unused Assets to reduce memory usage. Loaded Objects now: 3886.
Total: 4.003200 ms (FindLiveObjects: 0.294800 ms CreateObjectMapping: 0.159200 ms MarkObjects: 3.383700 ms  DeleteObjects: 0.164500 ms)

AssetImportParameters requested are different than current active one (requested -> active):
  custom:framework-win-MediaFoundation: 216162199b28c13a410421893ffa2e32 -> 
  custom:video-decoder-ogg-theora: a1e56fd34408186e4bbccfd4996cb3dc -> 
  custom:container-muxer-webm: aa71ff27fc2769a1b78a27578f13a17b -> 
  custom:container-demuxer-webm: 4f35f7cbe854078d1ac9338744f61a02 -> 
  custom:container-demuxer-ogg: 62fdf1f143b41e24485cea50d1cbac27 -> 
  custom:video-encoder-webm-vp8: eb34c28f22e8b96e1ab97ce403110664 -> 
  custom:video-decoder-webm-vp8: 9c59270c3fd7afecdb556c50c9e8de78 -> 
  custom:audio-decoder-ogg-vorbis: bf7c407c2cedff20999df2af8eb42d56 -> 
  custom:audio-encoder-webm-vorbis: bf7c407c2cedff20999df2af8eb42d56 -> 
========================================================================
Received Import Request.
  path: Assets/Polygon-Lite Survival Collection/Models/SM_CEMENT_01.fbx
  artifactKey: Guid(93f15df65e3899543be6630b3c527a07) Importer(815301076,1909f56bfc062723c751e8b465ee728b)
Start importing Assets/Polygon-Lite Survival Collection/Models/SM_CEMENT_01.fbx using Guid(93f15df65e3899543be6630b3c527a07) Importer(815301076,1909f56bfc062723c751e8b465ee728b)  -> (artifact id: '3450a8c2ecfc83ba2955d94fdf2351b7') in 0.140294 seconds 
========================================================================
Received Import Request.
  Time since last request: 0.000259 seconds.
  path: Assets/Polygon-Lite Survival Collection/Models/SM_ARAMID_FABRIC.fbx
  artifactKey: Guid(6704ca6c29fd08b4898f36bf2c90058c) Importer(815301076,1909f56bfc062723c751e8b465ee728b)
Start importing Assets/Polygon-Lite Survival Collection/Models/SM_ARAMID_FABRIC.fbx using Guid(6704ca6c29fd08b4898f36bf2c90058c) Importer(815301076,1909f56bfc062723c751e8b465ee728b)  -> (artifact id: '37e26dfd720059b963818e63ce084094') in 0.027751 seconds 
========================================================================
Received Import Request.
  Time since last request: 0.000251 seconds.
  path: Assets/Polygon-Lite Survival Collection/Models/SM_Collimator_Sight_A_01.fbx
  artifactKey: Guid(26460841deee7094682bcaf0c141ea20) Importer(815301076,1909f56bfc062723c751e8b465ee728b)
Start importing Assets/Polygon-Lite Survival Collection/Models/SM_Collimator_Sight_A_01.fbx using Guid(26460841deee7094682bcaf0c141ea20) Importer(815301076,1909f56bfc062723c751e8b465ee728b)  -> (artifact id: '0e88bec8ad32ae3dd3e8ca7a1feffb2c') in 0.024245 seconds 
========================================================================
Received Import Request.
  Time since last request: 0.000235 seconds.
  path: Assets/Polygon-Lite Survival Collection/Models/SM_Barrel_Closed_01_A.fbx
  artifactKey: Guid(5268200bc6db80845af09eb0823e211e) Importer(815301076,1909f56bfc062723c751e8b465ee728b)
Start importing Assets/Polygon-Lite Survival Collection/Models/SM_Barrel_Closed_01_A.fbx using Guid(5268200bc6db80845af09eb0823e211e) Importer(815301076,1909f56bfc062723c751e8b465ee728b)  -> (artifact id: '4e9e561a5a8dc29ec41421bf7d553e6f') in 0.026880 seconds 
========================================================================
Received Import Request.
  Time since last request: 0.000248 seconds.
  path: Assets/Polygon-Lite Survival Collection/Models
  artifactKey: Guid(cd511c9cbb9e17248a268eba23ae15a5) Importer(815301076,1909f56bfc062723c751e8b465ee728b)
Start importing Assets/Polygon-Lite Survival Collection/Models using Guid(cd511c9cbb9e17248a268eba23ae15a5) Importer(815301076,1909f56bfc062723c751e8b465ee728b)  -> (artifact id: '5945055f082ccef50977515e4f7edea7') in 0.005253 seconds 
========================================================================
Received Import Request.
  Time since last request: 75.431678 seconds.
  path: Assets/Prefabs/Shaders
  artifactKey: Guid(49f4973dc96fcb44d9f8effdbac63a3c) Importer(815301076,1909f56bfc062723c751e8b465ee728b)
Start importing Assets/Prefabs/Shaders using Guid(49f4973dc96fcb44d9f8effdbac63a3c) Importer(815301076,1909f56bfc062723c751e8b465ee728b)  -> (artifact id: '711f16e21d73959935886295ae065db1') in 0.005745 seconds 
========================================================================
Received Import Request.
  Time since last request: 118.606170 seconds.
  path: Assets/Prefabs/Shaders/NewSurfaceShader.shader
  artifactKey: Guid(214e851ded884ab49b1e968b93564c61) Importer(815301076,1909f56bfc062723c751e8b465ee728b)
Start importing Assets/Prefabs/Shaders/NewSurfaceShader.shader using Guid(214e851ded884ab49b1e968b93564c61) Importer(815301076,1909f56bfc062723c751e8b465ee728b)  -> (artifact id: '54dafb897090fea4b1a8fc857c1d5dd5') in 0.009290 seconds 
========================================================================
Received Prepare
Registering precompiled user dll's ...
Registered in 0.020590 seconds.
Begin MonoManager ReloadAssembly
Native extension for WindowsStandalone target not found
Refreshing native plugins compatible for Editor in 1.56 ms, found 13 plugins.
Preloading 1 native plugins for Editor in 0.13 ms.
System.Reflection.TargetInvocationException: Exception has been thrown by the target of an invocation. ---> System.NullReferenceException: Object reference not set to an instance of an object
  at Unity.XR.Oculus.OculusLoader.AssetPathToAbsolutePath (System.String assetPath) [0x00048] in C:\Users\TT\vr_game1\Library\PackageCache\com.unity.xr.oculus@1.12.1\Runtime\OculusLoader.cs:265 
  at Unity.XR.Oculus.OculusLoader.EditorLoadOVRPlugin () [0x0007b] in C:\Users\TT\vr_game1\Library\PackageCache\com.unity.xr.oculus@1.12.1\Runtime\OculusLoader.cs:250 
  at (wrapper managed-to-native) System.Reflection.MonoMethod.InternalInvoke(System.Reflection.MonoMethod,object,object[],System.Exception&)
  at System.Reflection.MonoMethod.Invoke (System.Object obj, System.Reflection.BindingFlags invokeAttr, System.Reflection.Binder binder, System.Object[] parameters, System.Globalization.CultureInfo culture) [0x00032] in <695d1cc93cca45069c528c15c9fdd749>:0 
   --- End of inner exception stack trace ---
  at System.Reflection.MonoMethod.Invoke (System.Object obj, System.Reflection.BindingFlags invokeAttr, System.Reflection.Binder binder, System.Object[] parameters, System.Globalization.CultureInfo culture) [0x00048] in <695d1cc93cca45069c528c15c9fdd749>:0 
  at System.Reflection.MethodBase.Invoke (System.Object obj, System.Object[] parameters) [0x00000] in <695d1cc93cca45069c528c15c9fdd749>:0 
  at UnityEditor.EditorAssemblies.ProcessInitializeOnLoadMethodAttributes () [0x00047] in <744208b08e5641cc88f88825989c3044>:0 
UnityEngine.StackTraceUtility:ExtractStackTrace ()
UnityEngine.DebugLogHandler:LogFormat (UnityEngine.LogType,UnityEngine.Object,string,object[])
UnityEngine.Logger:Log (UnityEngine.LogType,object)
UnityEngine.Debug:LogError (object)
UnityEditor.EditorAssemblies:ProcessInitializeOnLoadMethodAttributes ()

Mono: successfully reloaded assembly
- Completed reload, in  1.591 seconds
Domain Reload Profiling:
	ReloadAssembly (1592ms)
		BeginReloadAssembly (283ms)
			ExecutionOrderSort (0ms)
			DisableScriptedObjects (45ms)
			BackupInstance (0ms)
			ReleaseScriptingObjects (0ms)
			CreateAndSetChildDomain (73ms)
		EndReloadAssembly (1218ms)
			LoadAssemblies (148ms)
			RebuildTransferFunctionScriptingTraits (0ms)
			SetupTypeCache (427ms)
			ReleaseScriptCaches (1ms)
			RebuildScriptCaches (66ms)
			SetupLoadedEditorAssemblies (459ms)
				LogAssemblyErrors (0ms)
				InitializePlatformSupportModulesInManaged (4ms)
				SetLoadedEditorAssemblies (1ms)
				RefreshPlugins (2ms)
				BeforeProcessingInitializeOnLoad (138ms)
				ProcessInitializeOnLoadAttributes (275ms)
				ProcessInitializeOnLoadMethodAttributes (34ms)
				AfterProcessingInitializeOnLoad (6ms)
				EditorAssembliesLoaded (0ms)
			ExecutionOrderSort2 (0ms)
			AwakeInstancesAfterBackupRestoration (1ms)
Platform modules already initialized, skipping
Shader 'Universal Render Pipeline/Nature/SpeedTree7': dependency 'BillboardShader' shader 'Universal Render Pipeline/Nature/SpeedTree7 Billboard' not found
Shader 'Universal Render Pipeline/Baked Lit': fallback shader 'Universal Render Pipeline/Unlit' not found
Shader 'Universal Render Pipeline/Simple Lit': fallback shader 'Hidden/Universal Render Pipeline/FallbackError' not found
Shader 'Universal Render Pipeline/Terrain/Lit': fallback shader 'Hidden/Universal Render Pipeline/FallbackError' not found
Shader 'Universal Render Pipeline/Terrain/Lit': dependency 'AddPassShader' shader 'Hidden/Universal Render Pipeline/Terrain/Lit (Add Pass)' not found
Shader 'Universal Render Pipeline/Terrain/Lit': dependency 'BaseMapShader' shader 'Hidden/Universal Render Pipeline/Terrain/Lit (Base Pass)' not found
Shader 'Universal Render Pipeline/Terrain/Lit': dependency 'BaseMapGenShader' shader 'Hidden/Universal Render Pipeline/Terrain/Lit (Basemap Gen)' not found
Shader 'Hidden/Universal Render Pipeline/Terrain/Lit (Add Pass)': fallback shader 'Hidden/Universal Render Pipeline/FallbackError' not found
Shader 'Hidden/Universal Render Pipeline/Terrain/Lit (Base Pass)': fallback shader 'Hidden/Universal Render Pipeline/FallbackError' not found
Refreshing native plugins compatible for Editor in 1.31 ms, found 13 plugins.
Preloading 1 native plugins for Editor in 0.11 ms.
Unloading 3843 Unused Serialized files (Serialized files now loaded: 0)
System memory in use before: 185.9 MB.
System memory in use after: 181.9 MB.

Unloading 94 unused Assets to reduce memory usage. Loaded Objects now: 4309.
Total: 6.030500 ms (FindLiveObjects: 0.315100 ms CreateObjectMapping: 0.197600 ms MarkObjects: 3.378100 ms  DeleteObjects: 2.139000 ms)

AssetImportParameters requested are different than current active one (requested -> active):
  custom:framework-win-MediaFoundation: 216162199b28c13a410421893ffa2e32 -> 
  custom:video-decoder-ogg-theora: a1e56fd34408186e4bbccfd4996cb3dc -> 
  custom:container-muxer-webm: aa71ff27fc2769a1b78a27578f13a17b -> 
  custom:container-demuxer-webm: 4f35f7cbe854078d1ac9338744f61a02 -> 
  custom:container-demuxer-ogg: 62fdf1f143b41e24485cea50d1cbac27 -> 
  custom:video-encoder-webm-vp8: eb34c28f22e8b96e1ab97ce403110664 -> 
  custom:video-decoder-webm-vp8: 9c59270c3fd7afecdb556c50c9e8de78 -> 
  custom:audio-decoder-ogg-vorbis: bf7c407c2cedff20999df2af8eb42d56 -> 
  custom:audio-encoder-webm-vorbis: bf7c407c2cedff20999df2af8eb42d56 -> 
========================================================================
Received Import Request.
  Time since last request: 215.475495 seconds.
  path: Assets/Nicrom/PolyPacks/Wind/Assets/Shaders/ASE/LPW_Vegetation.shader
  artifactKey: Guid(aa39e15a9f5d0ed47aa0951572b2dc9e) Importer(815301076,1909f56bfc062723c751e8b465ee728b)
Start importing Assets/Nicrom/PolyPacks/Wind/Assets/Shaders/ASE/LPW_Vegetation.shader using Guid(aa39e15a9f5d0ed47aa0951572b2dc9e) Importer(815301076,1909f56bfc062723c751e8b465ee728b)  -> (artifact id: '1058441440ab7bc5989b2064c443a2d2') in 0.029445 seconds 
========================================================================
Received Import Request.
  Time since last request: 6.056874 seconds.
  path: Assets/Five Seamless Tileable Ground Textures/Materials
  artifactKey: Guid(9068b2150b6234f47b565f5ad357dcf5) Importer(815301076,1909f56bfc062723c751e8b465ee728b)
Start importing Assets/Five Seamless Tileable Ground Textures/Materials using Guid(9068b2150b6234f47b565f5ad357dcf5) Importer(815301076,1909f56bfc062723c751e8b465ee728b)  -> (artifact id: '0a307200c13f291adf7a9cf3d2028b1f') in 0.007257 seconds 
========================================================================
Received Import Request.
  Time since last request: 49.039006 seconds.
  path: Assets/Prefabs/Shaders/UniversalRenderPipelineAsset.asset
  artifactKey: Guid(c0bef59eb0439a249a1a2086eb21fed7) Importer(815301076,1909f56bfc062723c751e8b465ee728b)
Start importing Assets/Prefabs/Shaders/UniversalRenderPipelineAsset.asset using Guid(c0bef59eb0439a249a1a2086eb21fed7) Importer(815301076,1909f56bfc062723c751e8b465ee728b)  -> (artifact id: 'ea689b1eb86150f006e10b491d86cc63') in 0.056971 seconds 
========================================================================
Received Import Request.
  Time since last request: 0.000549 seconds.
  path: Assets/Prefabs/Shaders/UniversalRenderPipelineAsset_Renderer.asset
  artifactKey: Guid(62b3b17b1ef10db47a4ee7738825343d) Importer(815301076,1909f56bfc062723c751e8b465ee728b)
Start importing Assets/Prefabs/Shaders/UniversalRenderPipelineAsset_Renderer.asset using Guid(62b3b17b1ef10db47a4ee7738825343d) Importer(815301076,1909f56bfc062723c751e8b465ee728b)  -> (artifact id: '5e25660801930806d6ae13538ebb3c4e') in 0.032900 seconds 
========================================================================
Received Prepare
Switching render pipeline 00000000000000000000000000000000 -> c0bef59eb0439a249a1a2086eb21fed7
Refreshing native plugins compatible for Editor in 20.60 ms, found 13 plugins.
Preloading 1 native plugins for Editor in 0.15 ms.
Unloading 138 Unused Serialized files (Serialized files now loaded: 0)
System memory in use before: 116.6 MB.
System memory in use after: 113.8 MB.

Unloading 70 unused Assets to reduce memory usage. Loaded Objects now: 4377.
Total: 12.996600 ms (FindLiveObjects: 4.702000 ms CreateObjectMapping: 0.742500 ms MarkObjects: 5.378400 ms  DeleteObjects: 2.171700 ms)

AssetImportParameters requested are different than current active one (requested -> active):
  custom:framework-win-MediaFoundation: 216162199b28c13a410421893ffa2e32 -> 
  custom:video-decoder-ogg-theora: a1e56fd34408186e4bbccfd4996cb3dc -> 
  custom:container-muxer-webm: aa71ff27fc2769a1b78a27578f13a17b -> 
  custom:container-demuxer-webm: 4f35f7cbe854078d1ac9338744f61a02 -> 
  custom:container-demuxer-ogg: 62fdf1f143b41e24485cea50d1cbac27 -> 
  custom:video-encoder-webm-vp8: eb34c28f22e8b96e1ab97ce403110664 -> 
  custom:video-decoder-webm-vp8: 9c59270c3fd7afecdb556c50c9e8de78 -> 
  custom:audio-decoder-ogg-vorbis: bf7c407c2cedff20999df2af8eb42d56 -> 
  custom:audio-encoder-webm-vorbis: bf7c407c2cedff20999df2af8eb42d56 -> 
========================================================================
Received Import Request.
  Time since last request: 70.889793 seconds.
  path: Assets/Prefabs/Shaders/UniversalRenderPipelineAsset_Renderer.asset
  artifactKey: Guid(62b3b17b1ef10db47a4ee7738825343d) Importer(815301076,1909f56bfc062723c751e8b465ee728b)
Start importing Assets/Prefabs/Shaders/UniversalRenderPipelineAsset_Renderer.asset using Guid(62b3b17b1ef10db47a4ee7738825343d) Importer(815301076,1909f56bfc062723c751e8b465ee728b)  -> (artifact id: '40404bae4181c6c46fa61910dc32a020') in 0.016821 seconds 
========================================================================
Received Import Request.
  Time since last request: 1.603572 seconds.
  path: Assets/Prefabs/Shaders/UniversalRenderPipelineAsset.asset
  artifactKey: Guid(c0bef59eb0439a249a1a2086eb21fed7) Importer(815301076,1909f56bfc062723c751e8b465ee728b)
Start importing Assets/Prefabs/Shaders/UniversalRenderPipelineAsset.asset using Guid(c0bef59eb0439a249a1a2086eb21fed7) Importer(815301076,1909f56bfc062723c751e8b465ee728b)  -> (artifact id: 'afed1f82ef5f725f0818e1c0df8ab987') in 0.003543 seconds 
========================================================================
Received Prepare
Refreshing native plugins compatible for Editor in 13.01 ms, found 13 plugins.
Preloading 1 native plugins for Editor in 0.10 ms.
Unloading 69 Unused Serialized files (Serialized files now loaded: 0)
System memory in use before: 113.0 MB.
System memory in use after: 110.5 MB.

Unloading 69 unused Assets to reduce memory usage. Loaded Objects now: 4378.
Total: 6.666300 ms (FindLiveObjects: 0.415100 ms CreateObjectMapping: 0.286300 ms MarkObjects: 4.269500 ms  DeleteObjects: 1.694400 ms)

AssetImportParameters requested are different than current active one (requested -> active):
  custom:framework-win-MediaFoundation: 216162199b28c13a410421893ffa2e32 -> 
  custom:video-decoder-ogg-theora: a1e56fd34408186e4bbccfd4996cb3dc -> 
  custom:container-muxer-webm: aa71ff27fc2769a1b78a27578f13a17b -> 
  custom:container-demuxer-webm: 4f35f7cbe854078d1ac9338744f61a02 -> 
  custom:container-demuxer-ogg: 62fdf1f143b41e24485cea50d1cbac27 -> 
  custom:video-encoder-webm-vp8: eb34c28f22e8b96e1ab97ce403110664 -> 
  custom:video-decoder-webm-vp8: 9c59270c3fd7afecdb556c50c9e8de78 -> 
  custom:audio-decoder-ogg-vorbis: bf7c407c2cedff20999df2af8eb42d56 -> 
  custom:audio-encoder-webm-vorbis: bf7c407c2cedff20999df2af8eb42d56 -> 
========================================================================
Received Import Request.
  Time since last request: 29.250551 seconds.
  path: Assets/Prefabs/Shaders/UniversalRenderPipelineAsset_Renderer.asset
  artifactKey: Guid(62b3b17b1ef10db47a4ee7738825343d) Importer(815301076,1909f56bfc062723c751e8b465ee728b)
Start importing Assets/Prefabs/Shaders/UniversalRenderPipelineAsset_Renderer.asset using Guid(62b3b17b1ef10db47a4ee7738825343d) Importer(815301076,1909f56bfc062723c751e8b465ee728b)  -> (artifact id: 'ba11d2f89a81e4aaa4112024215ac85f') in 0.017781 seconds 
========================================================================
Received Import Request.
  Time since last request: 11.533617 seconds.
  path: Assets/Prefabs/Shaders/Renderer
  artifactKey: Guid(82c187e94e158e3428c9042d0614d8fc) Importer(815301076,1909f56bfc062723c751e8b465ee728b)
Start importing Assets/Prefabs/Shaders/Renderer using Guid(82c187e94e158e3428c9042d0614d8fc) Importer(815301076,1909f56bfc062723c751e8b465ee728b)  -> (artifact id: '9dd030ef77e9e2b25c0b7fbafc98cee1') in 0.006325 seconds 
========================================================================
Received Import Request.
  Time since last request: 11.952419 seconds.
  path: Assets/Prefabs/Shaders/Renderer/Forward.asset
  artifactKey: Guid(3fd23f1f97dd19c48a5cf026f25763db) Importer(815301076,1909f56bfc062723c751e8b465ee728b)
Start importing Assets/Prefabs/Shaders/Renderer/Forward.asset using Guid(3fd23f1f97dd19c48a5cf026f25763db) Importer(815301076,1909f56bfc062723c751e8b465ee728b)  -> (artifact id: '95b145df672c4d34c4981c0a33334adf') in 0.007812 seconds 
========================================================================
Received Import Request.
  Time since last request: 67.786663 seconds.
  path: Assets/Prefabs/Shaders/Renderer/UniversalRenderPipelineAsset.asset
  artifactKey: Guid(9826643f1303749498db8170241b0182) Importer(815301076,1909f56bfc062723c751e8b465ee728b)
Start importing Assets/Prefabs/Shaders/Renderer/UniversalRenderPipelineAsset.asset using Guid(9826643f1303749498db8170241b0182) Importer(815301076,1909f56bfc062723c751e8b465ee728b)  -> (artifact id: '6e674e36c23e925bcba1928d3f922bfa') in 0.003650 seconds 
========================================================================
Received Import Request.
  Time since last request: 0.000290 seconds.
  path: Assets/Prefabs/Shaders/Renderer/UniversalRenderPipelineAsset_Renderer.asset
  artifactKey: Guid(5ed4de931b8d77d4581c1b1429ab74b7) Importer(815301076,1909f56bfc062723c751e8b465ee728b)
Start importing Assets/Prefabs/Shaders/Renderer/UniversalRenderPipelineAsset_Renderer.asset using Guid(5ed4de931b8d77d4581c1b1429ab74b7) Importer(815301076,1909f56bfc062723c751e8b465ee728b)  -> (artifact id: 'db250cb9ff0c7dd21b954fac1c3f44ee') in 0.004471 seconds 
========================================================================
Received Prepare
Switching render pipeline 00000000000000000000000000000000 -> 9826643f1303749498db8170241b0182
Refreshing native plugins compatible for Editor in 33.59 ms, found 13 plugins.
Preloading 1 native plugins for Editor in 0.09 ms.
Unloading 71 Unused Serialized files (Serialized files now loaded: 0)
System memory in use before: 113.1 MB.
System memory in use after: 110.5 MB.

Unloading 69 unused Assets to reduce memory usage. Loaded Objects now: 4380.
Total: 5.650300 ms (FindLiveObjects: 0.300600 ms CreateObjectMapping: 0.176800 ms MarkObjects: 3.682100 ms  DeleteObjects: 1.490000 ms)

AssetImportParameters requested are different than current active one (requested -> active):
  custom:framework-win-MediaFoundation: 216162199b28c13a410421893ffa2e32 -> 
  custom:video-decoder-ogg-theora: a1e56fd34408186e4bbccfd4996cb3dc -> 
  custom:container-muxer-webm: aa71ff27fc2769a1b78a27578f13a17b -> 
  custom:container-demuxer-webm: 4f35f7cbe854078d1ac9338744f61a02 -> 
  custom:container-demuxer-ogg: 62fdf1f143b41e24485cea50d1cbac27 -> 
  custom:video-encoder-webm-vp8: eb34c28f22e8b96e1ab97ce403110664 -> 
  custom:video-decoder-webm-vp8: 9c59270c3fd7afecdb556c50c9e8de78 -> 
  custom:audio-decoder-ogg-vorbis: bf7c407c2cedff20999df2af8eb42d56 -> 
  custom:audio-encoder-webm-vorbis: bf7c407c2cedff20999df2af8eb42d56 -> 
========================================================================
Received Import Request.
  Time since last request: 44.275286 seconds.
  path: Assets/Prefabs/Shaders/Renderer/UniversalRenderPipelineAsset_Renderer.asset
  artifactKey: Guid(5ed4de931b8d77d4581c1b1429ab74b7) Importer(815301076,1909f56bfc062723c751e8b465ee728b)
Start importing Assets/Prefabs/Shaders/Renderer/UniversalRenderPipelineAsset_Renderer.asset using Guid(5ed4de931b8d77d4581c1b1429ab74b7) Importer(815301076,1909f56bfc062723c751e8b465ee728b)  -> (artifact id: 'd2c87697169d32cf37ee111c7658f8e7') in 0.011589 seconds 
========================================================================
Received Import Request.
  Time since last request: 0.000321 seconds.
  path: Assets/Prefabs/Shaders/Renderer/UniversalRenderPipelineAsset.asset
  artifactKey: Guid(9826643f1303749498db8170241b0182) Importer(815301076,1909f56bfc062723c751e8b465ee728b)
Start importing Assets/Prefabs/Shaders/Renderer/UniversalRenderPipelineAsset.asset using Guid(9826643f1303749498db8170241b0182) Importer(815301076,1909f56bfc062723c751e8b465ee728b)  -> (artifact id: '3849db835429a6fd4993543ff2f24fd6') in 0.004274 seconds 
========================================================================
Received Import Request.
  Time since last request: 0.395490 seconds.
  path: Assets/Prefabs/Shaders/Renderer/UniversalRenderPipelineAsset_Renderer.asset
  artifactKey: Guid(5ed4de931b8d77d4581c1b1429ab74b7) Importer(815301076,1909f56bfc062723c751e8b465ee728b)
Start importing Assets/Prefabs/Shaders/Renderer/UniversalRenderPipelineAsset_Renderer.asset using Guid(5ed4de931b8d77d4581c1b1429ab74b7) Importer(815301076,1909f56bfc062723c751e8b465ee728b)  -> (artifact id: 'a4d7bb85fe8c611985e8ac59a7bf649e') in 0.003243 seconds 
AssetImportWorkerClient::OnTransportError - code=2 error=End of file
